Building DAG of jobs...
Your conda installation is not configured to use strict channel priorities. This is however crucial for having robust and correct environments (for details, see https://conda-forge.org/docs/user/tipsandtricks.html). Please consider to configure strict priorities by executing 'conda config --set channel_priority strict'.
Using shell: /usr/bin/bash
Provided cores: 1 (use --cores to define parallelism)
Rules claiming more threads will be scaled down.
Provided resources: mem_mb=1000, mem_mib=954, disk_mb=1000, disk_mib=954
Select jobs to execute...

[Thu Jul 23 00:41:13 2026]
rule filter_short:
    input: /scratch/ad14556/snakemake-pipeline-temp/01-analysis/07-assembled-metaspades/xyalidae_090_GA_IS_202408-metagenome-assembly-done.txt, /scratch/ad14556/snakemake-pipeline-temp/01-analysis/07-assembled-metaspades/xyalidae_090_GA_IS_202408/scaffolds.fasta
    output: /scratch/ad14556/snakemake-pipeline-temp/01-analysis/07-assembled-metaspades/xyalidae_090_GA_IS_202408/scaffolds_1000.fa
    jobid: 0
    reason: Forced execution
    wildcards: sample=xyalidae_090_GA_IS_202408
    resources: mem_mb=1000, mem_mib=954, disk_mb=1000, disk_mib=954, tmpdir=/tmp

Activating conda environment: .snakemake/conda/e74949897528024e5156d3b53452b5f4_
finished
[Thu Jul 23 00:41:18 2026]
Finished job 0.
1 of 1 steps (100%) done
